Using pre-set license
Built from '2020.3/release' branch; Version is '2020.3.1f1 (77a89f25062f) revision 7841951'; Using compiler version '192528614'; Build Type 'Release'
OS: 'Windows 10 Home; OS build 19043.1288; Version 2009; 64bit' Language: 'en' Physical Memory: 8067 MB
BatchMode: 1, IsHumanControllingUs: 0, StartBugReporterOnCrash: 0, Is64bit: 1, IsPro: 0

 COMMAND LINE ARGUMENTS:
C:\Program Files\Unity\Hub\Editor\2020.3.1f1\Editor\Unity.exe
-adb2
-batchMode
-noUpm
-name
AssetImportWorker0
-projectPath
C:/Users/bngli/OneDrive/Documents/GitHub/Assignment2/Assignment2
-logFile
Logs/AssetImportWorker0.log
-srvPort
63832
Successfully changed project path to: C:/Users/bngli/OneDrive/Documents/GitHub/Assignment2/Assignment2
C:/Users/bngli/OneDrive/Documents/GitHub/Assignment2/Assignment2
Using Asset Import Pipeline V2.
Assertion failed on expression: 'res'

Refreshing native plugins compatible for Editor in 34.44 ms, found 1 plugins.
Preloading 0 native plugins for Editor in 0.00 ms.
Initialize engine version: 2020.3.1f1 (77a89f25062f)
[Subsystems] Discovering subsystems at path C:/Program Files/Unity/Hub/Editor/2020.3.1f1/Editor/Data/Resources/UnitySubsystems
[Subsystems] Discovering subsystems at path C:/Users/bngli/OneDrive/Documents/GitHub/Assignment2/Assignment2/Assets
GfxDevice: creating device client; threaded=0
Direct3D:
    Version:  Direct3D 11.0 [level 11.1]
    Renderer: NVIDIA GeForce GTX 1060 6GB (ID=0x1c03)
    Vendor:   
    VRAM:     6052 MB
    Driver:   26.21.14.3107
Initialize mono
Mono path[0] = 'C:/Program Files/Unity/Hub/Editor/2020.3.1f1/Editor/Data/Managed'
Mono path[1] = 'C:/Program Files/Unity/Hub/Editor/2020.3.1f1/Editor/Data/MonoBleedingEdge/lib/mono/unityjit'
Mono config path = 'C:/Program Files/Unity/Hub/Editor/2020.3.1f1/Editor/Data/MonoBleedingEdge/etc'
Using monoOptions --debugger-agent=transport=dt_socket,embedding=1,server=y,suspend=n,address=127.0.0.1:56992
Begin MonoManager ReloadAssembly
Registering precompiled unity dll's ...
Register platform support module: C:/Program Files/Unity/Hub/Editor/2020.3.1f1/Editor/Data/PlaybackEngines/MacStandaloneSupport/UnityEditor.OSXStandalone.Extensions.dll
Register platform support module: C:/Program Files/Unity/Hub/Editor/2020.3.1f1/Editor/Data/PlaybackEngines/WindowsStandaloneSupport/UnityEditor.WindowsStandalone.Extensions.dll
Registered in 0.002882 seconds.
Native extension for WindowsStandalone target not found
Native extension for OSXStandalone target not found
Refreshing native plugins compatible for Editor in 29.66 ms, found 1 plugins.
Preloading 0 native plugins for Editor in 0.00 ms.
Invoked RoslynAnalysisRunner static constructor.
RoslynAnalysisRunner will not be running.
RoslynAnalysisRunner has terminated.
Mono: successfully reloaded assembly
- Completed reload, in  1.038 seconds
Platform modules already initialized, skipping
Registering precompiled user dll's ...
Registered in 0.001207 seconds.
Begin MonoManager ReloadAssembly
Native extension for WindowsStandalone target not found
Native extension for OSXStandalone target not found
Refreshing native plugins compatible for Editor in 32.09 ms, found 1 plugins.
Preloading 0 native plugins for Editor in 0.00 ms.
Invoked RoslynAnalysisRunner static constructor.
RoslynAnalysisRunner will not be running.
RoslynAnalysisRunner has terminated.
Mono: successfully reloaded assembly
- Completed reload, in  0.815 seconds
Platform modules already initialized, skipping
========================================================================
Worker process is ready to serve import requests
Launched and connected shader compiler UnityShaderCompiler.exe after 0.04 seconds
Refreshing native plugins compatible for Editor in 0.34 ms, found 1 plugins.
Preloading 0 native plugins for Editor in 0.00 ms.
Unloading 1812 Unused Serialized files (Serialized files now loaded: 0)
System memory in use before: 84.9 MB.
System memory in use after: 84.9 MB.

Unloading 24 unused Assets to reduce memory usage. Loaded Objects now: 2256.
Total: 1.960400 ms (FindLiveObjects: 0.220000 ms CreateObjectMapping: 0.103500 ms MarkObjects: 1.523900 ms  DeleteObjects: 0.111200 ms)

========================================================================
Received Import Request.
  path: Assets/Working-With-Hexels-for-Drawing-Tiled-Pixel-Art.jpg
  artifactKey: Guid(17341686c02ff5c49897882fe99caf0f) Importer(815301076,1909f56bfc062723c751e8b465ee728b)
Start importing Assets/Working-With-Hexels-for-Drawing-Tiled-Pixel-Art.jpg using Guid(17341686c02ff5c49897882fe99caf0f) Importer(815301076,1909f56bfc062723c751e8b465ee728b)  -> (artifact id: '711c26d53ea30f89ebd22bf36ef4f1d7') in 0.132697 seconds
  Import took 0.135658 seconds .

========================================================================
Received Import Request.
  Time since last request: 42.126360 seconds.
  path: Assets/Scripts/QUTJr.cs
  artifactKey: Guid(e38a79af69b36421682168cb6fb62a5d) Importer(815301076,1909f56bfc062723c751e8b465ee728b)
Start importing Assets/Scripts/QUTJr.cs using Guid(e38a79af69b36421682168cb6fb62a5d) Importer(815301076,1909f56bfc062723c751e8b465ee728b)  -> (artifact id: '73f002de4679dae37e22d87a16354bfb') in 0.015671 seconds
  Import took 0.018746 seconds .

========================================================================
Received Import Request.
  Time since last request: 0.016520 seconds.
  path: Assets/Scripts/QUTJr.cs
  artifactKey: Guid(e38a79af69b36421682168cb6fb62a5d) Importer(815301076,1909f56bfc062723c751e8b465ee728b)
Start importing Assets/Scripts/QUTJr.cs using Guid(e38a79af69b36421682168cb6fb62a5d) Importer(815301076,1909f56bfc062723c751e8b465ee728b)  -> (artifact id: '73f002de4679dae37e22d87a16354bfb') in 0.002758 seconds
  Import took 0.006158 seconds .

========================================================================
Received Prepare
Registering precompiled user dll's ...
Registered in 0.001861 seconds.
Begin MonoManager ReloadAssembly
Native extension for WindowsStandalone target not found
Native extension for OSXStandalone target not found
Refreshing native plugins compatible for Editor in 0.31 ms, found 1 plugins.
Preloading 0 native plugins for Editor in 0.00 ms.
Invoked RoslynAnalysisRunner static constructor.
RoslynAnalysisRunner will not be running.
RoslynAnalysisRunner has terminated.
Mono: successfully reloaded assembly
- Completed reload, in  0.742 seconds
Platform modules already initialized, skipping
Refreshing native plugins compatible for Editor in 0.31 ms, found 1 plugins.
Preloading 0 native plugins for Editor in 0.00 ms.
Unloading 1807 Unused Serialized files (Serialized files now loaded: 0)
System memory in use before: 88.0 MB.
System memory in use after: 88.0 MB.

Unloading 12 unused Assets to reduce memory usage. Loaded Objects now: 2266.
Total: 2.118400 ms (FindLiveObjects: 0.275800 ms CreateObjectMapping: 0.089000 ms MarkObjects: 1.655200 ms  DeleteObjects: 0.097400 ms)

========================================================================
Received Import Request.
  Time since last request: 420.498977 seconds.
  path: Assets/Scripts/QUTJr.cs
  artifactKey: Guid(e38a79af69b36421682168cb6fb62a5d) Importer(815301076,1909f56bfc062723c751e8b465ee728b)
Start importing Assets/Scripts/QUTJr.cs using Guid(e38a79af69b36421682168cb6fb62a5d) Importer(815301076,1909f56bfc062723c751e8b465ee728b)  -> (artifact id: '5a2d5c2ce423865a2ab15d9b386ce299') in 0.005357 seconds
  Import took 0.008183 seconds .

========================================================================
Received Import Request.
  Time since last request: 0.032410 seconds.
  path: Assets/Scripts/QUTJr.cs
  artifactKey: Guid(e38a79af69b36421682168cb6fb62a5d) Importer(815301076,1909f56bfc062723c751e8b465ee728b)
Start importing Assets/Scripts/QUTJr.cs using Guid(e38a79af69b36421682168cb6fb62a5d) Importer(815301076,1909f56bfc062723c751e8b465ee728b)  -> (artifact id: '5a2d5c2ce423865a2ab15d9b386ce299') in 0.003263 seconds
  Import took 0.006587 seconds .

========================================================================
Received Prepare
Registering precompiled user dll's ...
Registered in 0.001710 seconds.
Begin MonoManager ReloadAssembly
Native extension for WindowsStandalone target not found
Native extension for OSXStandalone target not found
Refreshing native plugins compatible for Editor in 0.35 ms, found 1 plugins.
Preloading 0 native plugins for Editor in 0.00 ms.
Invoked RoslynAnalysisRunner static constructor.
RoslynAnalysisRunner will not be running.
RoslynAnalysisRunner has terminated.
Mono: successfully reloaded assembly
- Completed reload, in  0.895 seconds
Platform modules already initialized, skipping
Refreshing native plugins compatible for Editor in 0.51 ms, found 1 plugins.
Preloading 0 native plugins for Editor in 0.00 ms.
Unloading 1807 Unused Serialized files (Serialized files now loaded: 0)
System memory in use before: 88.0 MB.
System memory in use after: 88.0 MB.

Unloading 12 unused Assets to reduce memory usage. Loaded Objects now: 2270.
Total: 2.175100 ms (FindLiveObjects: 0.244500 ms CreateObjectMapping: 0.070700 ms MarkObjects: 1.756300 ms  DeleteObjects: 0.102100 ms)

========================================================================
Received Prepare
Registering precompiled user dll's ...
Registered in 0.001189 seconds.
Begin MonoManager ReloadAssembly
Native extension for WindowsStandalone target not found
Native extension for OSXStandalone target not found
Refreshing native plugins compatible for Editor in 0.32 ms, found 1 plugins.
Preloading 0 native plugins for Editor in 0.00 ms.
Invoked RoslynAnalysisRunner static constructor.
RoslynAnalysisRunner will not be running.
RoslynAnalysisRunner has terminated.
Mono: successfully reloaded assembly
- Completed reload, in  0.750 seconds
Platform modules already initialized, skipping
Refreshing native plugins compatible for Editor in 0.32 ms, found 1 plugins.
Preloading 0 native plugins for Editor in 0.00 ms.
Unloading 1807 Unused Serialized files (Serialized files now loaded: 0)
System memory in use before: 88.1 MB.
System memory in use after: 88.0 MB.

Unloading 12 unused Assets to reduce memory usage. Loaded Objects now: 2274.
Total: 2.098800 ms (FindLiveObjects: 0.224300 ms CreateObjectMapping: 0.063400 ms MarkObjects: 1.717700 ms  DeleteObjects: 0.092100 ms)

========================================================================
Received Import Request.
  Time since last request: 64.283669 seconds.
  path: Assets/Scripts/QUTJr.cs
  artifactKey: Guid(e38a79af69b36421682168cb6fb62a5d) Importer(815301076,1909f56bfc062723c751e8b465ee728b)
Start importing Assets/Scripts/QUTJr.cs using Guid(e38a79af69b36421682168cb6fb62a5d) Importer(815301076,1909f56bfc062723c751e8b465ee728b)  -> (artifact id: '2aed422b2cd097f1d212ca50e752abd9') in 0.011092 seconds
  Import took 0.014378 seconds .

========================================================================
Received Prepare
Registering precompiled user dll's ...
Registered in 0.001260 seconds.
Begin MonoManager ReloadAssembly
Native extension for WindowsStandalone target not found
Native extension for OSXStandalone target not found
Refreshing native plugins compatible for Editor in 0.35 ms, found 1 plugins.
Preloading 0 native plugins for Editor in 0.00 ms.
Invoked RoslynAnalysisRunner static constructor.
RoslynAnalysisRunner will not be running.
RoslynAnalysisRunner has terminated.
Mono: successfully reloaded assembly
- Completed reload, in  0.764 seconds
Platform modules already initialized, skipping
Refreshing native plugins compatible for Editor in 0.55 ms, found 1 plugins.
Preloading 0 native plugins for Editor in 0.00 ms.
Unloading 1807 Unused Serialized files (Serialized files now loaded: 0)
System memory in use before: 88.1 MB.
System memory in use after: 88.1 MB.

Unloading 12 unused Assets to reduce memory usage. Loaded Objects now: 2278.
Total: 2.167900 ms (FindLiveObjects: 0.270000 ms CreateObjectMapping: 0.087900 ms MarkObjects: 1.714600 ms  DeleteObjects: 0.094700 ms)

========================================================================
Received Import Request.
  Time since last request: 56.381348 seconds.
  path: Assets/Scripts/QUTJr.cs
  artifactKey: Guid(e38a79af69b36421682168cb6fb62a5d) Importer(815301076,1909f56bfc062723c751e8b465ee728b)
Start importing Assets/Scripts/QUTJr.cs using Guid(e38a79af69b36421682168cb6fb62a5d) Importer(815301076,1909f56bfc062723c751e8b465ee728b)  -> (artifact id: '8f0915f165ca0f85cdc7bf937e6baf2c') in 0.006100 seconds
  Import took 0.010008 seconds .

========================================================================
Received Import Request.
  Time since last request: 0.001052 seconds.
  path: Assets/Scripts/QUTJr.cs
  artifactKey: Guid(e38a79af69b36421682168cb6fb62a5d) Importer(815301076,1909f56bfc062723c751e8b465ee728b)
Start importing Assets/Scripts/QUTJr.cs using Guid(e38a79af69b36421682168cb6fb62a5d) Importer(815301076,1909f56bfc062723c751e8b465ee728b)  -> (artifact id: '8f0915f165ca0f85cdc7bf937e6baf2c') in 0.002947 seconds
  Import took 0.005846 seconds .

========================================================================
Received Prepare
Registering precompiled user dll's ...
Registered in 0.001212 seconds.
Begin MonoManager ReloadAssembly
Native extension for WindowsStandalone target not found
Native extension for OSXStandalone target not found
Refreshing native plugins compatible for Editor in 0.35 ms, found 1 plugins.
Preloading 0 native plugins for Editor in 0.00 ms.
Invoked RoslynAnalysisRunner static constructor.
RoslynAnalysisRunner will not be running.
RoslynAnalysisRunner has terminated.
Mono: successfully reloaded assembly
- Completed reload, in  0.757 seconds
Platform modules already initialized, skipping
Refreshing native plugins compatible for Editor in 0.34 ms, found 1 plugins.
Preloading 0 native plugins for Editor in 0.00 ms.
Unloading 1807 Unused Serialized files (Serialized files now loaded: 0)
System memory in use before: 88.1 MB.
System memory in use after: 88.1 MB.

Unloading 12 unused Assets to reduce memory usage. Loaded Objects now: 2282.
Total: 2.128100 ms (FindLiveObjects: 0.225400 ms CreateObjectMapping: 0.059600 ms MarkObjects: 1.743600 ms  DeleteObjects: 0.098700 ms)

========================================================================
Received Import Request.
  Time since last request: 27.115599 seconds.
  path: Assets/Scripts/QUTJr.cs
  artifactKey: Guid(e38a79af69b36421682168cb6fb62a5d) Importer(815301076,1909f56bfc062723c751e8b465ee728b)
Start importing Assets/Scripts/QUTJr.cs using Guid(e38a79af69b36421682168cb6fb62a5d) Importer(815301076,1909f56bfc062723c751e8b465ee728b)  -> (artifact id: 'b349c3e982fbc13453040fec1a3d0141') in 0.004918 seconds
  Import took 0.007657 seconds .

========================================================================
Received Prepare
Registering precompiled user dll's ...
Registered in 0.001544 seconds.
Begin MonoManager ReloadAssembly
Native extension for WindowsStandalone target not found
Native extension for OSXStandalone target not found
Refreshing native plugins compatible for Editor in 0.31 ms, found 1 plugins.
Preloading 0 native plugins for Editor in 0.00 ms.
Invoked RoslynAnalysisRunner static constructor.
RoslynAnalysisRunner will not be running.
RoslynAnalysisRunner has terminated.
Mono: successfully reloaded assembly
- Completed reload, in  0.756 seconds
Platform modules already initialized, skipping
Refreshing native plugins compatible for Editor in 0.32 ms, found 1 plugins.
Preloading 0 native plugins for Editor in 0.00 ms.
Unloading 1807 Unused Serialized files (Serialized files now loaded: 0)
System memory in use before: 88.1 MB.
System memory in use after: 88.1 MB.

Unloading 12 unused Assets to reduce memory usage. Loaded Objects now: 2286.
Total: 1.851700 ms (FindLiveObjects: 0.191400 ms CreateObjectMapping: 0.064400 ms MarkObjects: 1.501400 ms  DeleteObjects: 0.093300 ms)

========================================================================
Received Import Request.
  Time since last request: 173.046906 seconds.
  path: Assets/Scripts/QUTJr.cs
  artifactKey: Guid(e38a79af69b36421682168cb6fb62a5d) Importer(815301076,1909f56bfc062723c751e8b465ee728b)
Start importing Assets/Scripts/QUTJr.cs using Guid(e38a79af69b36421682168cb6fb62a5d) Importer(815301076,1909f56bfc062723c751e8b465ee728b)  -> (artifact id: '0e32fa5fc5fd851119437ef7d24c0c56') in 0.005475 seconds
  Import took 0.008304 seconds .

========================================================================
Received Prepare
Registering precompiled user dll's ...
Registered in 0.001228 seconds.
Begin MonoManager ReloadAssembly
Native extension for WindowsStandalone target not found
Native extension for OSXStandalone target not found
Refreshing native plugins compatible for Editor in 0.32 ms, found 1 plugins.
Preloading 0 native plugins for Editor in 0.00 ms.
Invoked RoslynAnalysisRunner static constructor.
RoslynAnalysisRunner will not be running.
RoslynAnalysisRunner has terminated.
Mono: successfully reloaded assembly
- Completed reload, in  0.703 seconds
Platform modules already initialized, skipping
Refreshing native plugins compatible for Editor in 0.31 ms, found 1 plugins.
Preloading 0 native plugins for Editor in 0.00 ms.
Unloading 1807 Unused Serialized files (Serialized files now loaded: 0)
System memory in use before: 88.1 MB.
System memory in use after: 88.1 MB.

Unloading 12 unused Assets to reduce memory usage. Loaded Objects now: 2290.
Total: 2.333600 ms (FindLiveObjects: 0.361800 ms CreateObjectMapping: 0.106500 ms MarkObjects: 1.772300 ms  DeleteObjects: 0.091800 ms)

========================================================================
Received Import Request.
  Time since last request: 40.763612 seconds.
  path: Assets/Scripts/QUTJr.cs
  artifactKey: Guid(e38a79af69b36421682168cb6fb62a5d) Importer(815301076,1909f56bfc062723c751e8b465ee728b)
Start importing Assets/Scripts/QUTJr.cs using Guid(e38a79af69b36421682168cb6fb62a5d) Importer(815301076,1909f56bfc062723c751e8b465ee728b)  -> (artifact id: '808c0d858244cd71dc3796799c739db3') in 0.005273 seconds
  Import took 0.008875 seconds .

========================================================================
Received Import Request.
  Time since last request: 0.031618 seconds.
  path: Assets/Scripts/QUTJr.cs
  artifactKey: Guid(e38a79af69b36421682168cb6fb62a5d) Importer(815301076,1909f56bfc062723c751e8b465ee728b)
Start importing Assets/Scripts/QUTJr.cs using Guid(e38a79af69b36421682168cb6fb62a5d) Importer(815301076,1909f56bfc062723c751e8b465ee728b)  -> (artifact id: '808c0d858244cd71dc3796799c739db3') in 0.003348 seconds
  Import took 0.006639 seconds .

========================================================================
Received Prepare
Registering precompiled user dll's ...
Registered in 0.001771 seconds.
Begin MonoManager ReloadAssembly
Native extension for WindowsStandalone target not found
Native extension for OSXStandalone target not found
Refreshing native plugins compatible for Editor in 0.34 ms, found 1 plugins.
Preloading 0 native plugins for Editor in 0.00 ms.
Invoked RoslynAnalysisRunner static constructor.
RoslynAnalysisRunner will not be running.
RoslynAnalysisRunner has terminated.
Mono: successfully reloaded assembly
- Completed reload, in  0.733 seconds
Platform modules already initialized, skipping
Refreshing native plugins compatible for Editor in 0.31 ms, found 1 plugins.
Preloading 0 native plugins for Editor in 0.00 ms.
Unloading 1807 Unused Serialized files (Serialized files now loaded: 0)
System memory in use before: 88.1 MB.
System memory in use after: 88.1 MB.

Unloading 12 unused Assets to reduce memory usage. Loaded Objects now: 2294.
Total: 1.936400 ms (FindLiveObjects: 0.204400 ms CreateObjectMapping: 0.064600 ms MarkObjects: 1.563900 ms  DeleteObjects: 0.102600 ms)

========================================================================
Received Import Request.
  Time since last request: 39.933216 seconds.
  path: Assets/Scripts/QUTJr.cs
  artifactKey: Guid(e38a79af69b36421682168cb6fb62a5d) Importer(815301076,1909f56bfc062723c751e8b465ee728b)
Start importing Assets/Scripts/QUTJr.cs using Guid(e38a79af69b36421682168cb6fb62a5d) Importer(815301076,1909f56bfc062723c751e8b465ee728b)  -> (artifact id: 'fa0bd01bbf6c4cbdc70da3d7ddbb67da') in 0.004684 seconds
  Import took 0.007486 seconds .

========================================================================
Received Prepare
Registering precompiled user dll's ...
Registered in 0.001369 seconds.
Begin MonoManager ReloadAssembly
Native extension for WindowsStandalone target not found
Native extension for OSXStandalone target not found
Refreshing native plugins compatible for Editor in 0.33 ms, found 1 plugins.
Preloading 0 native plugins for Editor in 0.00 ms.
Invoked RoslynAnalysisRunner static constructor.
RoslynAnalysisRunner will not be running.
RoslynAnalysisRunner has terminated.
Mono: successfully reloaded assembly
- Completed reload, in  0.733 seconds
Platform modules already initialized, skipping
Refreshing native plugins compatible for Editor in 0.31 ms, found 1 plugins.
Preloading 0 native plugins for Editor in 0.00 ms.
Unloading 1807 Unused Serialized files (Serialized files now loaded: 0)
System memory in use before: 88.1 MB.
System memory in use after: 88.1 MB.

Unloading 12 unused Assets to reduce memory usage. Loaded Objects now: 2298.
Total: 2.063000 ms (FindLiveObjects: 0.207200 ms CreateObjectMapping: 0.058900 ms MarkObjects: 1.703900 ms  DeleteObjects: 0.091900 ms)

========================================================================
Received Import Request.
  Time since last request: 50.368982 seconds.
  path: Assets/Scripts/QUTJr.cs
  artifactKey: Guid(e38a79af69b36421682168cb6fb62a5d) Importer(815301076,1909f56bfc062723c751e8b465ee728b)
Start importing Assets/Scripts/QUTJr.cs using Guid(e38a79af69b36421682168cb6fb62a5d) Importer(815301076,1909f56bfc062723c751e8b465ee728b)  -> (artifact id: '09a5bf054361d6d7b4bf51a68a38ce27') in 0.004751 seconds
  Import took 0.007479 seconds .

========================================================================
Received Import Request.
  Time since last request: 0.003538 seconds.
  path: Assets/Scripts/QUTJr.cs
  artifactKey: Guid(e38a79af69b36421682168cb6fb62a5d) Importer(815301076,1909f56bfc062723c751e8b465ee728b)
Start importing Assets/Scripts/QUTJr.cs using Guid(e38a79af69b36421682168cb6fb62a5d) Importer(815301076,1909f56bfc062723c751e8b465ee728b)  -> (artifact id: '09a5bf054361d6d7b4bf51a68a38ce27') in 0.002562 seconds
  Import took 0.005664 seconds .

========================================================================
Received Prepare
Registering precompiled user dll's ...
Registered in 0.001215 seconds.
Begin MonoManager ReloadAssembly
Native extension for WindowsStandalone target not found
Native extension for OSXStandalone target not found
Refreshing native plugins compatible for Editor in 0.31 ms, found 1 plugins.
Preloading 0 native plugins for Editor in 0.00 ms.
Invoked RoslynAnalysisRunner static constructor.
RoslynAnalysisRunner will not be running.
RoslynAnalysisRunner has terminated.
Mono: successfully reloaded assembly
- Completed reload, in  0.737 seconds
Platform modules already initialized, skipping
Refreshing native plugins compatible for Editor in 0.32 ms, found 1 plugins.
Preloading 0 native plugins for Editor in 0.00 ms.
Unloading 1807 Unused Serialized files (Serialized files now loaded: 0)
System memory in use before: 88.1 MB.
System memory in use after: 88.1 MB.

Unloading 12 unused Assets to reduce memory usage. Loaded Objects now: 2302.
Total: 2.173000 ms (FindLiveObjects: 0.395600 ms CreateObjectMapping: 0.055700 ms MarkObjects: 1.628200 ms  DeleteObjects: 0.092400 ms)

========================================================================
Received Import Request.
  Time since last request: 73.606125 seconds.
  path: Assets/Scripts/QUTJr.cs
  artifactKey: Guid(e38a79af69b36421682168cb6fb62a5d) Importer(815301076,1909f56bfc062723c751e8b465ee728b)
Start importing Assets/Scripts/QUTJr.cs using Guid(e38a79af69b36421682168cb6fb62a5d) Importer(815301076,1909f56bfc062723c751e8b465ee728b)  -> (artifact id: '1113b44461bdbfe26fc92318c3f8b836') in 0.005100 seconds
  Import took 0.008695 seconds .

========================================================================
Received Import Request.
  Time since last request: 0.032048 seconds.
  path: Assets/Scripts/QUTJr.cs
  artifactKey: Guid(e38a79af69b36421682168cb6fb62a5d) Importer(815301076,1909f56bfc062723c751e8b465ee728b)
Start importing Assets/Scripts/QUTJr.cs using Guid(e38a79af69b36421682168cb6fb62a5d) Importer(815301076,1909f56bfc062723c751e8b465ee728b)  -> (artifact id: '1113b44461bdbfe26fc92318c3f8b836') in 0.003180 seconds
  Import took 0.006384 seconds .

========================================================================
Received Prepare
Registering precompiled user dll's ...
Registered in 0.001822 seconds.
Begin MonoManager ReloadAssembly
Native extension for WindowsStandalone target not found
Native extension for OSXStandalone target not found
Refreshing native plugins compatible for Editor in 0.36 ms, found 1 plugins.
Preloading 0 native plugins for Editor in 0.00 ms.
Invoked RoslynAnalysisRunner static constructor.
RoslynAnalysisRunner will not be running.
RoslynAnalysisRunner has terminated.
Mono: successfully reloaded assembly
- Completed reload, in  0.731 seconds
Platform modules already initialized, skipping
Refreshing native plugins compatible for Editor in 0.31 ms, found 1 plugins.
Preloading 0 native plugins for Editor in 0.00 ms.
Unloading 1807 Unused Serialized files (Serialized files now loaded: 0)
System memory in use before: 88.1 MB.
System memory in use after: 88.1 MB.

Unloading 12 unused Assets to reduce memory usage. Loaded Objects now: 2306.
Total: 2.024300 ms (FindLiveObjects: 0.182500 ms CreateObjectMapping: 0.049300 ms MarkObjects: 1.691700 ms  DeleteObjects: 0.099700 ms)

========================================================================
Received Import Request.
  Time since last request: 78.803123 seconds.
  path: Assets/Scripts/QUTJr.cs
  artifactKey: Guid(e38a79af69b36421682168cb6fb62a5d) Importer(815301076,1909f56bfc062723c751e8b465ee728b)
Start importing Assets/Scripts/QUTJr.cs using Guid(e38a79af69b36421682168cb6fb62a5d) Importer(815301076,1909f56bfc062723c751e8b465ee728b)  -> (artifact id: '2aef5491ec6ff8d13fb0a9ed5173607e') in 0.005180 seconds
  Import took 0.008223 seconds .

========================================================================
Received Import Request.
  Time since last request: 0.000459 seconds.
  path: Assets/Scripts/QUTJr.cs
  artifactKey: Guid(e38a79af69b36421682168cb6fb62a5d) Importer(815301076,1909f56bfc062723c751e8b465ee728b)
Start importing Assets/Scripts/QUTJr.cs using Guid(e38a79af69b36421682168cb6fb62a5d) Importer(815301076,1909f56bfc062723c751e8b465ee728b)  -> (artifact id: '2aef5491ec6ff8d13fb0a9ed5173607e') in 0.003220 seconds
  Import took 0.006695 seconds .

========================================================================
Received Prepare
Registering precompiled user dll's ...
Registered in 0.001206 seconds.
Begin MonoManager ReloadAssembly
Native extension for WindowsStandalone target not found
Native extension for OSXStandalone target not found
Refreshing native plugins compatible for Editor in 0.35 ms, found 1 plugins.
Preloading 0 native plugins for Editor in 0.00 ms.
Invoked RoslynAnalysisRunner static constructor.
RoslynAnalysisRunner will not be running.
RoslynAnalysisRunner has terminated.
Mono: successfully reloaded assembly
- Completed reload, in  0.734 seconds
Platform modules already initialized, skipping
Refreshing native plugins compatible for Editor in 0.31 ms, found 1 plugins.
Preloading 0 native plugins for Editor in 0.00 ms.
Unloading 1807 Unused Serialized files (Serialized files now loaded: 0)
System memory in use before: 88.2 MB.
System memory in use after: 88.1 MB.

Unloading 12 unused Assets to reduce memory usage. Loaded Objects now: 2310.
Total: 2.064100 ms (FindLiveObjects: 0.178300 ms CreateObjectMapping: 0.056600 ms MarkObjects: 1.730800 ms  DeleteObjects: 0.097800 ms)

========================================================================
Received Import Request.
  Time since last request: 132.943397 seconds.
  path: Assets/Scripts/QUTJr.cs
  artifactKey: Guid(e38a79af69b36421682168cb6fb62a5d) Importer(815301076,1909f56bfc062723c751e8b465ee728b)
Start importing Assets/Scripts/QUTJr.cs using Guid(e38a79af69b36421682168cb6fb62a5d) Importer(815301076,1909f56bfc062723c751e8b465ee728b)  -> (artifact id: 'a7d0ba519be43f9300e595d365b997e3') in 0.005422 seconds
  Import took 0.008994 seconds .

========================================================================
Received Import Request.
  Time since last request: 0.025035 seconds.
  path: Assets/Scripts/QUTJr.cs
  artifactKey: Guid(e38a79af69b36421682168cb6fb62a5d) Importer(815301076,1909f56bfc062723c751e8b465ee728b)
Start importing Assets/Scripts/QUTJr.cs using Guid(e38a79af69b36421682168cb6fb62a5d) Importer(815301076,1909f56bfc062723c751e8b465ee728b)  -> (artifact id: 'a7d0ba519be43f9300e595d365b997e3') in 0.003444 seconds
  Import took 0.006572 seconds .

========================================================================
Received Prepare
Registering precompiled user dll's ...
Registered in 0.001206 seconds.
Begin MonoManager ReloadAssembly
Native extension for WindowsStandalone target not found
Native extension for OSXStandalone target not found
Refreshing native plugins compatible for Editor in 0.31 ms, found 1 plugins.
Preloading 0 native plugins for Editor in 0.00 ms.
Invoked RoslynAnalysisRunner static constructor.
RoslynAnalysisRunner will not be running.
RoslynAnalysisRunner has terminated.
Mono: successfully reloaded assembly
- Completed reload, in  0.752 seconds
Platform modules already initialized, skipping
Refreshing native plugins compatible for Editor in 0.31 ms, found 1 plugins.
Preloading 0 native plugins for Editor in 0.00 ms.
Unloading 1807 Unused Serialized files (Serialized files now loaded: 0)
System memory in use before: 88.2 MB.
System memory in use after: 88.2 MB.

Unloading 12 unused Assets to reduce memory usage. Loaded Objects now: 2314.
Total: 2.100500 ms (FindLiveObjects: 0.234000 ms CreateObjectMapping: 0.065400 ms MarkObjects: 1.703700 ms  DeleteObjects: 0.096600 ms)

========================================================================
Received Import Request.
  Time since last request: 63.474480 seconds.
  path: Assets/Scripts/QUTJr.cs
  artifactKey: Guid(e38a79af69b36421682168cb6fb62a5d) Importer(815301076,1909f56bfc062723c751e8b465ee728b)
Start importing Assets/Scripts/QUTJr.cs using Guid(e38a79af69b36421682168cb6fb62a5d) Importer(815301076,1909f56bfc062723c751e8b465ee728b)  -> (artifact id: '05f18e6293f315a2a0ae4fef31ec3cda') in 0.005676 seconds
  Import took 0.008667 seconds .

========================================================================
Received Import Request.
  Time since last request: 0.024076 seconds.
  path: Assets/Scripts/QUTJr.cs
  artifactKey: Guid(e38a79af69b36421682168cb6fb62a5d) Importer(815301076,1909f56bfc062723c751e8b465ee728b)
Start importing Assets/Scripts/QUTJr.cs using Guid(e38a79af69b36421682168cb6fb62a5d) Importer(815301076,1909f56bfc062723c751e8b465ee728b)  -> (artifact id: '05f18e6293f315a2a0ae4fef31ec3cda') in 0.003127 seconds
  Import took 0.006048 seconds .

========================================================================
Received Prepare
Registering precompiled user dll's ...
Registered in 0.001271 seconds.
Begin MonoManager ReloadAssembly
Native extension for WindowsStandalone target not found
Native extension for OSXStandalone target not found
Refreshing native plugins compatible for Editor in 0.34 ms, found 1 plugins.
Preloading 0 native plugins for Editor in 0.00 ms.
Invoked RoslynAnalysisRunner static constructor.
RoslynAnalysisRunner will not be running.
RoslynAnalysisRunner has terminated.
Mono: successfully reloaded assembly
- Completed reload, in  0.735 seconds
Platform modules already initialized, skipping
Refreshing native plugins compatible for Editor in 0.33 ms, found 1 plugins.
Preloading 0 native plugins for Editor in 0.00 ms.
Unloading 1807 Unused Serialized files (Serialized files now loaded: 0)
System memory in use before: 88.2 MB.
System memory in use after: 88.2 MB.

Unloading 12 unused Assets to reduce memory usage. Loaded Objects now: 2318.
Total: 2.435400 ms (FindLiveObjects: 0.329100 ms CreateObjectMapping: 0.081300 ms MarkObjects: 1.883400 ms  DeleteObjects: 0.140400 ms)

========================================================================
Received Import Request.
  Time since last request: 61.452054 seconds.
  path: Assets/Scripts/QUTJr.cs
  artifactKey: Guid(e38a79af69b36421682168cb6fb62a5d) Importer(815301076,1909f56bfc062723c751e8b465ee728b)
Start importing Assets/Scripts/QUTJr.cs using Guid(e38a79af69b36421682168cb6fb62a5d) Importer(815301076,1909f56bfc062723c751e8b465ee728b)  -> (artifact id: '3601d546d9e439cb2ef26300acba9ed4') in 0.005255 seconds
  Import took 0.008230 seconds .

========================================================================
Received Import Request.
  Time since last request: 0.032923 seconds.
  path: Assets/Scripts/QUTJr.cs
  artifactKey: Guid(e38a79af69b36421682168cb6fb62a5d) Importer(815301076,1909f56bfc062723c751e8b465ee728b)
Start importing Assets/Scripts/QUTJr.cs using Guid(e38a79af69b36421682168cb6fb62a5d) Importer(815301076,1909f56bfc062723c751e8b465ee728b)  -> (artifact id: '3601d546d9e439cb2ef26300acba9ed4') in 0.003114 seconds
  Import took 0.005868 seconds .

========================================================================
Received Prepare
Registering precompiled user dll's ...
Registered in 0.001220 seconds.
Begin MonoManager ReloadAssembly
Native extension for WindowsStandalone target not found
Native extension for OSXStandalone target not found
Refreshing native plugins compatible for Editor in 0.32 ms, found 1 plugins.
Preloading 0 native plugins for Editor in 0.00 ms.
Invoked RoslynAnalysisRunner static constructor.
RoslynAnalysisRunner will not be running.
RoslynAnalysisRunner has terminated.
Mono: successfully reloaded assembly
- Completed reload, in  0.733 seconds
Platform modules already initialized, skipping
Refreshing native plugins compatible for Editor in 0.31 ms, found 1 plugins.
Preloading 0 native plugins for Editor in 0.00 ms.
Unloading 1807 Unused Serialized files (Serialized files now loaded: 0)
System memory in use before: 88.2 MB.
System memory in use after: 88.2 MB.

Unloading 12 unused Assets to reduce memory usage. Loaded Objects now: 2322.
Total: 2.059900 ms (FindLiveObjects: 0.286700 ms CreateObjectMapping: 0.085400 ms MarkObjects: 1.582600 ms  DeleteObjects: 0.103900 ms)

========================================================================
Received Import Request.
  Time since last request: 183.590010 seconds.
  path: Assets/Scripts/QUTJr.cs
  artifactKey: Guid(e38a79af69b36421682168cb6fb62a5d) Importer(815301076,1909f56bfc062723c751e8b465ee728b)
Start importing Assets/Scripts/QUTJr.cs using Guid(e38a79af69b36421682168cb6fb62a5d) Importer(815301076,1909f56bfc062723c751e8b465ee728b)  -> (artifact id: 'd0828e07cb867f2c26dae641ce60a4b6') in 0.005042 seconds
  Import took 0.007888 seconds .

========================================================================
Received Import Request.
  Time since last request: 0.001352 seconds.
  path: Assets/Scripts/QUTJr.cs
  artifactKey: Guid(e38a79af69b36421682168cb6fb62a5d) Importer(815301076,1909f56bfc062723c751e8b465ee728b)
Start importing Assets/Scripts/QUTJr.cs using Guid(e38a79af69b36421682168cb6fb62a5d) Importer(815301076,1909f56bfc062723c751e8b465ee728b)  -> (artifact id: 'd0828e07cb867f2c26dae641ce60a4b6') in 0.002641 seconds
  Import took 0.005380 seconds .

========================================================================
Received Prepare
Registering precompiled user dll's ...
Registered in 0.001345 seconds.
Begin MonoManager ReloadAssembly
Native extension for WindowsStandalone target not found
Native extension for OSXStandalone target not found
Refreshing native plugins compatible for Editor in 0.35 ms, found 1 plugins.
Preloading 0 native plugins for Editor in 0.00 ms.
Invoked RoslynAnalysisRunner static constructor.
RoslynAnalysisRunner will not be running.
RoslynAnalysisRunner has terminated.
Mono: successfully reloaded assembly
- Completed reload, in  0.861 seconds
Platform modules already initialized, skipping
Refreshing native plugins compatible for Editor in 0.32 ms, found 1 plugins.
Preloading 0 native plugins for Editor in 0.00 ms.
Unloading 1807 Unused Serialized files (Serialized files now loaded: 0)
System memory in use before: 88.2 MB.
System memory in use after: 88.2 MB.

Unloading 12 unused Assets to reduce memory usage. Loaded Objects now: 2326.
Total: 2.088900 ms (FindLiveObjects: 0.205400 ms CreateObjectMapping: 0.063500 ms MarkObjects: 1.701400 ms  DeleteObjects: 0.117400 ms)

========================================================================
Received Import Request.
  Time since last request: 2864.549856 seconds.
  path: Assets/Scripts/QUTJr.cs
  artifactKey: Guid(e38a79af69b36421682168cb6fb62a5d) Importer(815301076,1909f56bfc062723c751e8b465ee728b)
Start importing Assets/Scripts/QUTJr.cs using Guid(e38a79af69b36421682168cb6fb62a5d) Importer(815301076,1909f56bfc062723c751e8b465ee728b)  -> (artifact id: '68894a749e73efba9cae14b3de23aad0') in 0.006078 seconds
  Import took 0.009601 seconds .

========================================================================
Received Import Request.
  Time since last request: 0.031025 seconds.
  path: Assets/Scripts/QUTJr.cs
  artifactKey: Guid(e38a79af69b36421682168cb6fb62a5d) Importer(815301076,1909f56bfc062723c751e8b465ee728b)
Start importing Assets/Scripts/QUTJr.cs using Guid(e38a79af69b36421682168cb6fb62a5d) Importer(815301076,1909f56bfc062723c751e8b465ee728b)  -> (artifact id: '68894a749e73efba9cae14b3de23aad0') in 0.002900 seconds
  Import took 0.005708 seconds .

========================================================================
Received Prepare
Registering precompiled user dll's ...
Registered in 0.001252 seconds.
Begin MonoManager ReloadAssembly
Native extension for WindowsStandalone target not found
Native extension for OSXStandalone target not found
Refreshing native plugins compatible for Editor in 0.36 ms, found 1 plugins.
Preloading 0 native plugins for Editor in 0.00 ms.
Invoked RoslynAnalysisRunner static constructor.
RoslynAnalysisRunner will not be running.
RoslynAnalysisRunner has terminated.
Mono: successfully reloaded assembly
- Completed reload, in  0.787 seconds
Platform modules already initialized, skipping
Refreshing native plugins compatible for Editor in 0.31 ms, found 1 plugins.
Preloading 0 native plugins for Editor in 0.00 ms.
Unloading 1807 Unused Serialized files (Serialized files now loaded: 0)
System memory in use before: 88.2 MB.
System memory in use after: 88.2 MB.

Unloading 12 unused Assets to reduce memory usage. Loaded Objects now: 2330.
Total: 1.965100 ms (FindLiveObjects: 0.185300 ms CreateObjectMapping: 0.058500 ms MarkObjects: 1.626500 ms  DeleteObjects: 0.094000 ms)

========================================================================
Received Import Request.
  Time since last request: 153.789788 seconds.
  path: Assets/Scripts/QUTJr.cs
  artifactKey: Guid(e38a79af69b36421682168cb6fb62a5d) Importer(815301076,1909f56bfc062723c751e8b465ee728b)
Start importing Assets/Scripts/QUTJr.cs using Guid(e38a79af69b36421682168cb6fb62a5d) Importer(815301076,1909f56bfc062723c751e8b465ee728b)  -> (artifact id: '8c4e52d571321b093ea38d24f6cb78f0') in 0.008507 seconds
  Import took 0.011353 seconds .

========================================================================
Received Import Request.
  Time since last request: 0.029086 seconds.
  path: Assets/Scripts/QUTJr.cs
  artifactKey: Guid(e38a79af69b36421682168cb6fb62a5d) Importer(815301076,1909f56bfc062723c751e8b465ee728b)
Start importing Assets/Scripts/QUTJr.cs using Guid(e38a79af69b36421682168cb6fb62a5d) Importer(815301076,1909f56bfc062723c751e8b465ee728b)  -> (artifact id: '8c4e52d571321b093ea38d24f6cb78f0') in 0.003154 seconds
  Import took 0.006158 seconds .

========================================================================
Received Prepare
Registering precompiled user dll's ...
Registered in 0.001230 seconds.
Begin MonoManager ReloadAssembly
Native extension for WindowsStandalone target not found
Native extension for OSXStandalone target not found
Refreshing native plugins compatible for Editor in 0.35 ms, found 1 plugins.
Preloading 0 native plugins for Editor in 0.00 ms.
Invoked RoslynAnalysisRunner static constructor.
RoslynAnalysisRunner will not be running.
RoslynAnalysisRunner has terminated.
Mono: successfully reloaded assembly
- Completed reload, in  0.758 seconds
Platform modules already initialized, skipping
Refreshing native plugins compatible for Editor in 0.31 ms, found 1 plugins.
Preloading 0 native plugins for Editor in 0.00 ms.
Unloading 1807 Unused Serialized files (Serialized files now loaded: 0)
System memory in use before: 88.2 MB.
System memory in use after: 88.2 MB.

Unloading 12 unused Assets to reduce memory usage. Loaded Objects now: 2334.
Total: 2.419600 ms (FindLiveObjects: 0.550500 ms CreateObjectMapping: 0.076500 ms MarkObjects: 1.695700 ms  DeleteObjects: 0.095300 ms)

========================================================================
Received Import Request.
  Time since last request: 69.554006 seconds.
  path: Assets/Scripts/QUTJr.cs
  artifactKey: Guid(e38a79af69b36421682168cb6fb62a5d) Importer(815301076,1909f56bfc062723c751e8b465ee728b)
Start importing Assets/Scripts/QUTJr.cs using Guid(e38a79af69b36421682168cb6fb62a5d) Importer(815301076,1909f56bfc062723c751e8b465ee728b)  -> (artifact id: '18d0600e228e958993112c992a7936bd') in 0.005385 seconds
  Import took 0.008435 seconds .

========================================================================
Received Import Request.
  Time since last request: 0.001214 seconds.
  path: Assets/Scripts/QUTJr.cs
  artifactKey: Guid(e38a79af69b36421682168cb6fb62a5d) Importer(815301076,1909f56bfc062723c751e8b465ee728b)
Start importing Assets/Scripts/QUTJr.cs using Guid(e38a79af69b36421682168cb6fb62a5d) Importer(815301076,1909f56bfc062723c751e8b465ee728b)  -> (artifact id: '18d0600e228e958993112c992a7936bd') in 0.003192 seconds
  Import took 0.005925 seconds .

========================================================================
Received Prepare
Registering precompiled user dll's ...
Registered in 0.001406 seconds.
Begin MonoManager ReloadAssembly
Native extension for WindowsStandalone target not found
Native extension for OSXStandalone target not found
Refreshing native plugins compatible for Editor in 0.31 ms, found 1 plugins.
Preloading 0 native plugins for Editor in 0.00 ms.
Invoked RoslynAnalysisRunner static constructor.
RoslynAnalysisRunner will not be running.
RoslynAnalysisRunner has terminated.
Mono: successfully reloaded assembly
- Completed reload, in  0.779 seconds
Platform modules already initialized, skipping
Refreshing native plugins compatible for Editor in 0.32 ms, found 1 plugins.
Preloading 0 native plugins for Editor in 0.00 ms.
Unloading 1807 Unused Serialized files (Serialized files now loaded: 0)
System memory in use before: 88.2 MB.
System memory in use after: 88.2 MB.

Unloading 12 unused Assets to reduce memory usage. Loaded Objects now: 2338.
Total: 1.845000 ms (FindLiveObjects: 0.169100 ms CreateObjectMapping: 0.059700 ms MarkObjects: 1.516600 ms  DeleteObjects: 0.098600 ms)

========================================================================
Received Import Request.
  Time since last request: 105.479852 seconds.
  path: Assets/Scripts/QUTJr.cs
  artifactKey: Guid(e38a79af69b36421682168cb6fb62a5d) Importer(815301076,1909f56bfc062723c751e8b465ee728b)
Start importing Assets/Scripts/QUTJr.cs using Guid(e38a79af69b36421682168cb6fb62a5d) Importer(815301076,1909f56bfc062723c751e8b465ee728b)  -> (artifact id: '77bf02d7b9f72ad7bd647b105da64feb') in 0.005216 seconds
  Import took 0.008102 seconds .

========================================================================
Received Prepare
Registering precompiled user dll's ...
Registered in 0.001816 seconds.
Begin MonoManager ReloadAssembly
Native extension for WindowsStandalone target not found
Native extension for OSXStandalone target not found
Refreshing native plugins compatible for Editor in 0.33 ms, found 1 plugins.
Preloading 0 native plugins for Editor in 0.00 ms.
Invoked RoslynAnalysisRunner static constructor.
RoslynAnalysisRunner will not be running.
RoslynAnalysisRunner has terminated.
Mono: successfully reloaded assembly
- Completed reload, in  0.775 seconds
Platform modules already initialized, skipping
Refreshing native plugins compatible for Editor in 0.31 ms, found 1 plugins.
Preloading 0 native plugins for Editor in 0.00 ms.
Unloading 1807 Unused Serialized files (Serialized files now loaded: 0)
System memory in use before: 88.2 MB.
System memory in use after: 88.2 MB.

Unloading 12 unused Assets to reduce memory usage. Loaded Objects now: 2342.
Total: 2.323900 ms (FindLiveObjects: 0.407700 ms CreateObjectMapping: 0.146100 ms MarkObjects: 1.645300 ms  DeleteObjects: 0.123500 ms)

========================================================================
Received Import Request.
  Time since last request: 31.375651 seconds.
  path: Assets/Scripts/QUTJr.cs
  artifactKey: Guid(e38a79af69b36421682168cb6fb62a5d) Importer(815301076,1909f56bfc062723c751e8b465ee728b)
Start importing Assets/Scripts/QUTJr.cs using Guid(e38a79af69b36421682168cb6fb62a5d) Importer(815301076,1909f56bfc062723c751e8b465ee728b)  -> (artifact id: 'e31e00dd9bb2b0ad9bd9abb26f8fa27c') in 0.005344 seconds
  Import took 0.007986 seconds .

========================================================================
Received Prepare
Registering precompiled user dll's ...
Registered in 0.001211 seconds.
Begin MonoManager ReloadAssembly
Native extension for WindowsStandalone target not found
Native extension for OSXStandalone target not found
Refreshing native plugins compatible for Editor in 0.31 ms, found 1 plugins.
Preloading 0 native plugins for Editor in 0.00 ms.
Invoked RoslynAnalysisRunner static constructor.
RoslynAnalysisRunner will not be running.
RoslynAnalysisRunner has terminated.
Mono: successfully reloaded assembly
- Completed reload, in  0.756 seconds
Platform modules already initialized, skipping
Refreshing native plugins compatible for Editor in 0.32 ms, found 1 plugins.
Preloading 0 native plugins for Editor in 0.00 ms.
Unloading 1807 Unused Serialized files (Serialized files now loaded: 0)
System memory in use before: 88.2 MB.
System memory in use after: 88.2 MB.

Unloading 12 unused Assets to reduce memory usage. Loaded Objects now: 2346.
Total: 2.671300 ms (FindLiveObjects: 0.292800 ms CreateObjectMapping: 0.104900 ms MarkObjects: 2.136900 ms  DeleteObjects: 0.135700 ms)

========================================================================
Received Import Request.
  Time since last request: 281.277071 seconds.
  path: Assets/Scripts/QUTJr.cs
  artifactKey: Guid(e38a79af69b36421682168cb6fb62a5d) Importer(815301076,1909f56bfc062723c751e8b465ee728b)
Start importing Assets/Scripts/QUTJr.cs using Guid(e38a79af69b36421682168cb6fb62a5d) Importer(815301076,1909f56bfc062723c751e8b465ee728b)  -> (artifact id: 'fd2833014b64526ee3e125df80885c09') in 0.004950 seconds
  Import took 0.007764 seconds .

========================================================================
Received Prepare
Registering precompiled user dll's ...
Registered in 0.001286 seconds.
Begin MonoManager ReloadAssembly
Native extension for WindowsStandalone target not found
Native extension for OSXStandalone target not found
Refreshing native plugins compatible for Editor in 0.50 ms, found 1 plugins.
Preloading 0 native plugins for Editor in 0.00 ms.
Invoked RoslynAnalysisRunner static constructor.
RoslynAnalysisRunner will not be running.
RoslynAnalysisRunner has terminated.
Mono: successfully reloaded assembly
- Completed reload, in  0.833 seconds
Platform modules already initialized, skipping
Refreshing native plugins compatible for Editor in 0.31 ms, found 1 plugins.
Preloading 0 native plugins for Editor in 0.00 ms.
Unloading 1807 Unused Serialized files (Serialized files now loaded: 0)
System memory in use before: 88.2 MB.
System memory in use after: 88.2 MB.

Unloading 12 unused Assets to reduce memory usage. Loaded Objects now: 2350.
Total: 2.298500 ms (FindLiveObjects: 0.360300 ms CreateObjectMapping: 0.083600 ms MarkObjects: 1.758300 ms  DeleteObjects: 0.095100 ms)

========================================================================
Received Import Request.
  Time since last request: 15.952077 seconds.
  path: Assets/Scripts/QUTJr.cs
  artifactKey: Guid(e38a79af69b36421682168cb6fb62a5d) Importer(815301076,1909f56bfc062723c751e8b465ee728b)
Start importing Assets/Scripts/QUTJr.cs using Guid(e38a79af69b36421682168cb6fb62a5d) Importer(815301076,1909f56bfc062723c751e8b465ee728b)  -> (artifact id: 'f559b492135cc7ad1bf93222a50eefee') in 0.005233 seconds
  Import took 0.008743 seconds .

========================================================================
Received Prepare
Registering precompiled user dll's ...
Registered in 0.001317 seconds.
Begin MonoManager ReloadAssembly
Native extension for WindowsStandalone target not found
Native extension for OSXStandalone target not found
Refreshing native plugins compatible for Editor in 0.32 ms, found 1 plugins.
Preloading 0 native plugins for Editor in 0.00 ms.
Invoked RoslynAnalysisRunner static constructor.
RoslynAnalysisRunner will not be running.
RoslynAnalysisRunner has terminated.
Mono: successfully reloaded assembly
- Completed reload, in  0.754 seconds
Platform modules already initialized, skipping
Refreshing native plugins compatible for Editor in 0.30 ms, found 1 plugins.
Preloading 0 native plugins for Editor in 0.00 ms.
Unloading 1807 Unused Serialized files (Serialized files now loaded: 0)
System memory in use before: 88.2 MB.
System memory in use after: 88.2 MB.

Unloading 12 unused Assets to reduce memory usage. Loaded Objects now: 2354.
Total: 2.081200 ms (FindLiveObjects: 0.265900 ms CreateObjectMapping: 0.072800 ms MarkObjects: 1.644000 ms  DeleteObjects: 0.097800 ms)

========================================================================
Received Import Request.
  Time since last request: 98.491158 seconds.
  path: Assets/Scripts/QUTJr.cs
  artifactKey: Guid(e38a79af69b36421682168cb6fb62a5d) Importer(815301076,1909f56bfc062723c751e8b465ee728b)
Start importing Assets/Scripts/QUTJr.cs using Guid(e38a79af69b36421682168cb6fb62a5d) Importer(815301076,1909f56bfc062723c751e8b465ee728b)  -> (artifact id: '93964ff5886b5101ae4bdec46d95d13b') in 0.004777 seconds
  Import took 0.007506 seconds .

========================================================================
Received Import Request.
  Time since last request: 0.032685 seconds.
  path: Assets/Scripts/QUTJr.cs
  artifactKey: Guid(e38a79af69b36421682168cb6fb62a5d) Importer(815301076,1909f56bfc062723c751e8b465ee728b)
Start importing Assets/Scripts/QUTJr.cs using Guid(e38a79af69b36421682168cb6fb62a5d) Importer(815301076,1909f56bfc062723c751e8b465ee728b)  -> (artifact id: '93964ff5886b5101ae4bdec46d95d13b') in 0.004123 seconds
  Import took 0.007111 seconds .

========================================================================
Received Prepare
Registering precompiled user dll's ...
Registered in 0.001352 seconds.
Begin MonoManager ReloadAssembly
Native extension for WindowsStandalone target not found
Native extension for OSXStandalone target not found
Refreshing native plugins compatible for Editor in 0.33 ms, found 1 plugins.
Preloading 0 native plugins for Editor in 0.00 ms.
Invoked RoslynAnalysisRunner static constructor.
RoslynAnalysisRunner will not be running.
RoslynAnalysisRunner has terminated.
Mono: successfully reloaded assembly
- Completed reload, in  0.854 seconds
Platform modules already initialized, skipping
Refreshing native plugins compatible for Editor in 0.43 ms, found 1 plugins.
Preloading 0 native plugins for Editor in 0.00 ms.
Unloading 1807 Unused Serialized files (Serialized files now loaded: 0)
System memory in use before: 88.3 MB.
System memory in use after: 88.3 MB.

Unloading 12 unused Assets to reduce memory usage. Loaded Objects now: 2358.
Total: 2.153800 ms (FindLiveObjects: 0.380900 ms CreateObjectMapping: 0.102900 ms MarkObjects: 1.571800 ms  DeleteObjects: 0.096400 ms)

========================================================================
Received Prepare
Registering precompiled user dll's ...
Registered in 0.001302 seconds.
Begin MonoManager ReloadAssembly
Native extension for WindowsStandalone target not found
Native extension for OSXStandalone target not found
Refreshing native plugins compatible for Editor in 0.32 ms, found 1 plugins.
Preloading 0 native plugins for Editor in 0.00 ms.
Invoked RoslynAnalysisRunner static constructor.
RoslynAnalysisRunner will not be running.
RoslynAnalysisRunner has terminated.
Mono: successfully reloaded assembly
- Completed reload, in  0.749 seconds
Platform modules already initialized, skipping
Refreshing native plugins compatible for Editor in 0.32 ms, found 1 plugins.
Preloading 0 native plugins for Editor in 0.00 ms.
Unloading 1807 Unused Serialized files (Serialized files now loaded: 0)
System memory in use before: 88.3 MB.
System memory in use after: 88.3 MB.

Unloading 12 unused Assets to reduce memory usage. Loaded Objects now: 2362.
Total: 2.020200 ms (FindLiveObjects: 0.178800 ms CreateObjectMapping: 0.059300 ms MarkObjects: 1.682300 ms  DeleteObjects: 0.098200 ms)

========================================================================
Received Import Request.
  Time since last request: 132.536383 seconds.
  path: Assets/Scripts/QUTJr.cs
  artifactKey: Guid(e38a79af69b36421682168cb6fb62a5d) Importer(815301076,1909f56bfc062723c751e8b465ee728b)
Start importing Assets/Scripts/QUTJr.cs using Guid(e38a79af69b36421682168cb6fb62a5d) Importer(815301076,1909f56bfc062723c751e8b465ee728b)  -> (artifact id: '31339a8594d6dd4ca86d031fe5b2ee93') in 0.004737 seconds
  Import took 0.007677 seconds .

========================================================================
Received Prepare
Registering precompiled user dll's ...
Registered in 0.001491 seconds.
Begin MonoManager ReloadAssembly
Native extension for WindowsStandalone target not found
Native extension for OSXStandalone target not found
Refreshing native plugins compatible for Editor in 0.31 ms, found 1 plugins.
Preloading 0 native plugins for Editor in 0.00 ms.
Invoked RoslynAnalysisRunner static constructor.
RoslynAnalysisRunner will not be running.
RoslynAnalysisRunner has terminated.
Mono: successfully reloaded assembly
- Completed reload, in  0.758 seconds
Platform modules already initialized, skipping
Refreshing native plugins compatible for Editor in 0.32 ms, found 1 plugins.
Preloading 0 native plugins for Editor in 0.00 ms.
Unloading 1807 Unused Serialized files (Serialized files now loaded: 0)
System memory in use before: 88.3 MB.
System memory in use after: 88.3 MB.

Unloading 12 unused Assets to reduce memory usage. Loaded Objects now: 2366.
Total: 2.271400 ms (FindLiveObjects: 0.228900 ms CreateObjectMapping: 0.094000 ms MarkObjects: 1.837500 ms  DeleteObjects: 0.110100 ms)

========================================================================
Received Import Request.
  Time since last request: 125.043882 seconds.
  path: Assets/Scripts/QUTJr.cs
  artifactKey: Guid(e38a79af69b36421682168cb6fb62a5d) Importer(815301076,1909f56bfc062723c751e8b465ee728b)
Start importing Assets/Scripts/QUTJr.cs using Guid(e38a79af69b36421682168cb6fb62a5d) Importer(815301076,1909f56bfc062723c751e8b465ee728b)  -> (artifact id: 'f35bae3749b0e20e6f32e64c82e93349') in 0.005214 seconds
  Import took 0.008120 seconds .

========================================================================
Received Prepare
Registering precompiled user dll's ...
Registered in 0.001251 seconds.
Begin MonoManager ReloadAssembly
Native extension for WindowsStandalone target not found
Native extension for OSXStandalone target not found
Refreshing native plugins compatible for Editor in 0.31 ms, found 1 plugins.
Preloading 0 native plugins for Editor in 0.00 ms.
Invoked RoslynAnalysisRunner static constructor.
RoslynAnalysisRunner will not be running.
RoslynAnalysisRunner has terminated.
Mono: successfully reloaded assembly
- Completed reload, in  0.753 seconds
Platform modules already initialized, skipping
Refreshing native plugins compatible for Editor in 0.38 ms, found 1 plugins.
Preloading 0 native plugins for Editor in 0.00 ms.
Unloading 1807 Unused Serialized files (Serialized files now loaded: 0)
System memory in use before: 88.3 MB.
System memory in use after: 88.3 MB.

Unloading 12 unused Assets to reduce memory usage. Loaded Objects now: 2370.
Total: 2.040200 ms (FindLiveObjects: 0.182200 ms CreateObjectMapping: 0.054800 ms MarkObjects: 1.707600 ms  DeleteObjects: 0.094700 ms)

AssetImportWorkerClient::OnTransportError - code=2 error=End of file
